TN:
SF:src\App.tsx
FN:5,(anonymous_0)
FN:5,(anonymous_1)
FN:6,(anonymous_2)
FN:6,(anonymous_3)
FN:7,(anonymous_4)
FN:7,(anonymous_5)
FN:8,(anonymous_6)
FN:8,(anonymous_7)
FN:9,(anonymous_8)
FN:9,(anonymous_9)
FN:10,(anonymous_10)
FN:10,(anonymous_11)
FN:11,(anonymous_12)
FN:11,(anonymous_13)
FN:12,(anonymous_14)
FN:12,(anonymous_15)
FN:13,(anonymous_16)
FN:13,(anonymous_17)
FN:14,(anonymous_18)
FN:14,(anonymous_19)
FN:15,(anonymous_20)
FN:15,(anonymous_21)
FN:16,(anonymous_22)
FN:16,(anonymous_23)
FN:17,(anonymous_24)
FN:17,(anonymous_25)
FN:17,(anonymous_26)
FN:18,(anonymous_27)
FN:18,(anonymous_28)
FN:19,(anonymous_29)
FN:19,(anonymous_30)
FN:20,(anonymous_31)
FN:20,(anonymous_32)
FN:21,(anonymous_33)
FN:21,(anonymous_34)
FN:22,(anonymous_35)
FN:22,(anonymous_36)
FN:23,(anonymous_37)
FN:23,(anonymous_38)
FN:24,(anonymous_39)
FN:24,(anonymous_40)
FN:25,(anonymous_41)
FN:25,(anonymous_42)
FN:26,(anonymous_43)
FN:26,(anonymous_44)
FN:27,(anonymous_45)
FN:27,(anonymous_46)
FN:28,(anonymous_47)
FN:28,(anonymous_48)
FN:30,PageFallback
FN:38,NotFound
FN:50,App
FNF:52
FNH:4
FNDA:0,(anonymous_0)
FNDA:0,(anonymous_1)
FNDA:1,(anonymous_2)
FNDA:1,(anonymous_3)
FNDA:0,(anonymous_4)
FNDA:0,(anonymous_5)
FNDA:0,(anonymous_6)
FNDA:0,(anonymous_7)
FNDA:0,(anonymous_8)
FNDA:0,(anonymous_9)
FNDA:0,(anonymous_10)
FNDA:0,(anonymous_11)
FNDA:0,(anonymous_12)
FNDA:0,(anonymous_13)
FNDA:0,(anonymous_14)
FNDA:0,(anonymous_15)
FNDA:0,(anonymous_16)
FNDA:0,(anonymous_17)
FNDA:0,(anonymous_18)
FNDA:0,(anonymous_19)
FNDA:0,(anonymous_20)
FNDA:0,(anonymous_21)
FNDA:0,(anonymous_22)
FNDA:0,(anonymous_23)
FNDA:0,(anonymous_24)
FNDA:0,(anonymous_25)
FNDA:0,(anonymous_26)
FNDA:0,(anonymous_27)
FNDA:0,(anonymous_28)
FNDA:0,(anonymous_29)
FNDA:0,(anonymous_30)
FNDA:0,(anonymous_31)
FNDA:0,(anonymous_32)
FNDA:0,(anonymous_33)
FNDA:0,(anonymous_34)
FNDA:0,(anonymous_35)
FNDA:0,(anonymous_36)
FNDA:0,(anonymous_37)
FNDA:0,(anonymous_38)
FNDA:0,(anonymous_39)
FNDA:0,(anonymous_40)
FNDA:0,(anonymous_41)
FNDA:0,(anonymous_42)
FNDA:0,(anonymous_43)
FNDA:0,(anonymous_44)
FNDA:0,(anonymous_45)
FNDA:0,(anonymous_46)
FNDA:0,(anonymous_47)
FNDA:0,(anonymous_48)
FNDA:1,PageFallback
FNDA:0,NotFound
FNDA:2,App
DA:1,2
DA:2,2
DA:3,2
DA:5,2
DA:6,2
DA:7,2
DA:8,2
DA:9,2
DA:10,2
DA:11,2
DA:12,2
DA:13,2
DA:14,2
DA:15,2
DA:16,2
DA:17,2
DA:18,2
DA:19,2
DA:20,2
DA:21,2
DA:22,2
DA:23,2
DA:24,2
DA:25,2
DA:26,2
DA:27,2
DA:28,2
DA:31,1
DA:39,0
DA:51,2
DA:90,2
LF:31
LH:30
BRF:0
BRH:0
end_of_record
TN:
SF:src\components\AppShell.tsx
FN:50,AppShell
FN:64,(anonymous_1)
FN:66,(anonymous_2)
FN:72,(anonymous_3)
FN:76,(anonymous_4)
FN:85,(anonymous_5)
FN:89,(anonymous_6)
FN:95,(anonymous_7)
FN:104,(anonymous_8)
FN:105,(anonymous_9)
FN:108,(anonymous_10)
FN:112,(anonymous_11)
FN:113,(anonymous_12)
FN:119,(anonymous_13)
FN:123,(anonymous_14)
FN:124,(anonymous_15)
FN:136,(anonymous_16)
FN:139,(anonymous_17)
FN:141,(anonymous_18)
FN:147,(anonymous_19)
FN:150,(anonymous_20)
FN:154,(anonymous_21)
FN:161,(anonymous_22)
FN:166,(anonymous_23)
FN:168,(anonymous_24)
FN:168,(anonymous_25)
FN:172,(anonymous_26)
FN:173,(anonymous_27)
FN:173,(anonymous_28)
FN:177,(anonymous_29)
FN:195,(anonymous_30)
FN:203,(anonymous_31)
FN:206,(anonymous_32)
FN:216,(anonymous_33)
FN:226,(anonymous_34)
FN:251,(anonymous_35)
FN:272,(anonymous_36)
FN:285,(anonymous_37)
FN:298,(anonymous_38)
FN:298,(anonymous_39)
FN:336,(anonymous_40)
FN:350,(anonymous_41)
FN:354,(anonymous_42)
FN:397,(anonymous_43)
FN:398,(anonymous_44)
FNF:45
FNH:15
FNDA:7,AppShell
FNDA:0,(anonymous_1)
FNDA:3,(anonymous_2)
FNDA:3,(anonymous_3)
FNDA:3,(anonymous_4)
FNDA:0,(anonymous_5)
FNDA:0,(anonymous_6)
FNDA:3,(anonymous_7)
FNDA:0,(anonymous_8)
FNDA:0,(anonymous_9)
FNDA:0,(anonymous_10)
FNDA:3,(anonymous_11)
FNDA:0,(anonymous_12)
FNDA:3,(anonymous_13)
FNDA:3,(anonymous_14)
FNDA:0,(anonymous_15)
FNDA:3,(anonymous_16)
FNDA:3,(anonymous_17)
FNDA:0,(anonymous_18)
FNDA:0,(anonymous_19)
FNDA:3,(anonymous_20)
FNDA:3,(anonymous_21)
FNDA:3,(anonymous_22)
FNDA:0,(anonymous_23)
FNDA:0,(anonymous_24)
FNDA:0,(anonymous_25)
FNDA:0,(anonymous_26)
FNDA:0,(anonymous_27)
FNDA:0,(anonymous_28)
FNDA:0,(anonymous_29)
FNDA:3,(anonymous_30)
FNDA:0,(anonymous_31)
FNDA:0,(anonymous_32)
FNDA:7,(anonymous_33)
FNDA:0,(anonymous_34)
FNDA:0,(anonymous_35)
FNDA:0,(anonymous_36)
FNDA:0,(anonymous_37)
FNDA:0,(anonymous_38)
FNDA:0,(anonymous_39)
FNDA:0,(anonymous_40)
FNDA:0,(anonymous_41)
FNDA:0,(anonymous_42)
FNDA:0,(anonymous_43)
FNDA:0,(anonymous_44)
DA:1,3
DA:2,3
DA:3,3
DA:4,3
DA:5,3
DA:6,3
DA:7,3
DA:8,3
DA:9,3
DA:10,3
DA:23,3
DA:36,3
DA:50,3
DA:51,7
DA:52,7
DA:53,7
DA:54,7
DA:55,7
DA:56,7
DA:57,7
DA:58,7
DA:59,7
DA:60,7
DA:61,7
DA:62,7
DA:64,7
DA:66,7
DA:67,3
DA:68,0
DA:72,7
DA:73,3
DA:74,3
DA:75,3
DA:76,3
DA:79,0
DA:86,0
DA:89,0
DA:90,0
DA:95,7
DA:96,3
DA:97,0
DA:105,0
DA:108,0
DA:112,7
DA:113,3
DA:114,0
DA:115,0
DA:118,3
DA:119,3
DA:123,7
DA:124,3
DA:125,0
DA:126,0
DA:127,0
DA:128,0
DA:130,0
DA:131,0
DA:132,0
DA:135,3
DA:136,3
DA:139,7
DA:140,3
DA:141,0
DA:142,0
DA:143,0
DA:146,0
DA:147,0
DA:150,7
DA:151,3
DA:154,7
DA:155,3
DA:156,3
DA:157,0
DA:159,3
DA:161,3
DA:162,3
DA:166,7
DA:167,0
DA:168,0
DA:169,0
DA:172,7
DA:173,0
DA:174,0
DA:177,7
DA:178,0
DA:179,0
DA:181,0
DA:183,0
DA:184,0
DA:185,0
DA:186,0
DA:189,0
DA:190,0
DA:195,7
DA:196,3
DA:197,3
DA:198,0
DA:204,0
DA:206,0
DA:207,0
DA:212,7
DA:216,7
DA:217,7
DA:219,0
DA:220,0
DA:221,0
DA:223,7
DA:226,7
DA:227,0
DA:228,0
DA:231,7
DA:232,6
DA:239,1
DA:251,0
DA:272,0
DA:285,0
DA:298,0
DA:336,0
DA:351,0
DA:354,0
DA:397,0
DA:398,0
LF:122
LH:67
BRDA:62,0,0,7
BRDA:62,0,1,7
BRDA:67,1,0,0
BRDA:67,1,1,3
BRDA:67,2,0,3
BRDA:67,2,1,0
BRDA:74,3,0,3
BRDA:74,3,1,0
BRDA:86,4,0,0
BRDA:86,4,1,0
BRDA:86,5,0,0
BRDA:86,5,1,0
BRDA:96,6,0,3
BRDA:96,6,1,0
BRDA:114,7,0,0
BRDA:114,7,1,0
BRDA:114,8,0,0
BRDA:114,8,1,0
BRDA:125,9,0,0
BRDA:125,9,1,0
BRDA:126,10,0,0
BRDA:126,10,1,0
BRDA:126,11,0,0
BRDA:126,11,1,0
BRDA:130,12,0,0
BRDA:130,12,1,0
BRDA:130,13,0,0
BRDA:130,13,1,0
BRDA:140,14,0,3
BRDA:140,14,1,0
BRDA:142,15,0,0
BRDA:142,15,1,0
BRDA:156,16,0,0
BRDA:156,16,1,3
BRDA:159,17,0,3
BRDA:159,17,1,3
BRDA:167,18,0,0
BRDA:167,18,1,0
BRDA:173,19,0,0
BRDA:173,19,1,0
BRDA:181,20,0,0
BRDA:181,20,1,0
BRDA:184,21,0,0
BRDA:184,21,1,0
BRDA:189,22,0,0
BRDA:189,22,1,0
BRDA:189,23,0,0
BRDA:189,23,1,0
BRDA:197,24,0,3
BRDA:197,24,1,0
BRDA:204,25,0,0
BRDA:204,25,1,0
BRDA:204,26,0,0
BRDA:204,26,1,0
BRDA:212,27,0,0
BRDA:212,27,1,7
BRDA:213,28,0,0
BRDA:213,28,1,0
BRDA:217,29,0,0
BRDA:217,29,1,7
BRDA:220,30,0,0
BRDA:220,30,1,0
BRDA:221,31,0,0
BRDA:221,31,1,0
BRDA:223,32,0,7
BRDA:223,32,1,7
BRDA:231,33,0,6
BRDA:231,33,1,1
BRDA:245,34,0,0
BRDA:245,34,1,1
BRDA:258,35,0,1
BRDA:258,35,1,0
BRDA:304,36,0,1
BRDA:304,36,1,0
BRDA:306,37,0,0
BRDA:306,37,1,0
BRDA:311,38,0,1
BRDA:311,38,1,0
BRDA:321,39,0,0
BRDA:321,39,1,0
BRDA:326,40,0,0
BRDA:326,40,1,0
BRDA:344,41,0,0
BRDA:344,41,1,0
BRDA:355,42,0,0
BRDA:355,42,1,0
BRDA:357,43,0,0
BRDA:357,43,1,0
BRDA:359,44,0,0
BRDA:359,44,1,0
BRDA:383,45,0,1
BRDA:383,45,1,0
BRDA:385,46,0,1
BRDA:385,46,1,0
BRDA:386,47,0,1
BRDA:386,47,1,0
BRDA:398,48,0,1
BRDA:398,48,1,0
BRF:98
BRH:25
end_of_record
TN:
SF:src\components\CommentSection.tsx
FN:10,CommentSection
FN:17,(anonymous_1)
FN:21,(anonymous_2)
FN:33,(anonymous_3)
FN:41,(anonymous_4)
FN:52,(anonymous_5)
FN:61,(anonymous_6)
FN:82,(anonymous_7)
FN:97,(anonymous_8)
FN:105,(anonymous_9)
FN:105,(anonymous_10)
FN:131,CommentItem
FN:157,(anonymous_12)
FN:158,(anonymous_13)
FN:168,(anonymous_14)
FN:171,(anonymous_15)
FN:172,(anonymous_16)
FN:189,(anonymous_17)
FN:197,(anonymous_18)
FN:200,(anonymous_19)
FN:216,formatDate
FNF:21
FNH:3
FNDA:1,CommentSection
FNDA:1,(anonymous_1)
FNDA:1,(anonymous_2)
FNDA:0,(anonymous_3)
FNDA:0,(anonymous_4)
FNDA:0,(anonymous_5)
FNDA:0,(anonymous_6)
FNDA:0,(anonymous_7)
FNDA:0,(anonymous_8)
FNDA:0,(anonymous_9)
FNDA:0,(anonymous_10)
FNDA:0,CommentItem
FNDA:0,(anonymous_12)
FNDA:0,(anonymous_13)
FNDA:0,(anonymous_14)
FNDA:0,(anonymous_15)
FNDA:0,(anonymous_16)
FNDA:0,(anonymous_17)
FNDA:0,(anonymous_18)
FNDA:0,(anonymous_19)
FNDA:0,formatDate
DA:1,1
DA:2,1
DA:3,1
DA:4,1
DA:10,1
DA:11,1
DA:12,1
DA:13,1
DA:14,1
DA:15,1
DA:17,1
DA:18,1
DA:21,1
DA:22,1
DA:23,1
DA:24,1
DA:25,1
DA:27,0
DA:29,1
DA:33,1
DA:34,0
DA:35,0
DA:37,0
DA:38,0
DA:39,0
DA:40,0
DA:41,0
DA:42,0
DA:43,0
DA:46,0
DA:48,0
DA:52,1
DA:53,0
DA:54,0
DA:55,0
DA:57,0
DA:61,1
DA:62,0
DA:63,0
DA:64,0
DA:66,0
DA:70,1
DA:71,1
DA:74,0
DA:83,0
DA:97,0
DA:105,0
DA:132,0
DA:133,0
DA:135,0
DA:137,0
DA:158,0
DA:159,0
DA:160,0
DA:161,0
DA:163,0
DA:165,0
DA:169,0
DA:172,0
DA:173,0
DA:174,0
DA:189,0
DA:198,0
DA:201,0
DA:202,0
DA:217,0
DA:218,0
DA:219,0
DA:220,0
DA:222,0
DA:223,0
DA:224,0
DA:226,0
LF:73
LH:23
BRDA:35,0,0,0
BRDA:35,0,1,0
BRDA:40,1,0,0
BRDA:40,1,1,0
BRDA:70,2,0,1
BRDA:70,2,1,0
BRDA:90,3,0,0
BRDA:90,3,1,0
BRDA:105,4,0,0
BRDA:105,4,1,0
BRDA:113,5,0,0
BRDA:113,5,1,0
BRDA:133,6,0,0
BRDA:133,6,1,0
BRDA:141,7,0,0
BRDA:141,7,1,0
BRDA:154,8,0,0
BRDA:154,8,1,0
BRDA:159,9,0,0
BRDA:159,9,1,0
BRDA:173,10,0,0
BRDA:173,10,1,0
BRDA:195,11,0,0
BRDA:195,11,1,0
BRDA:222,12,0,0
BRDA:222,12,1,0
BRDA:223,13,0,0
BRDA:223,13,1,0
BRDA:224,14,0,0
BRDA:224,14,1,0
BRF:30
BRH:1
end_of_record
TN:
SF:src\components\CreateProjectModal.tsx
FN:34,genId
FN:41,parsePatternTasks
FN:44,(anonymous_2)
FN:48,(anonymous_3)
FN:49,(anonymous_4)
FN:51,(anonymous_5)
FN:60,(anonymous_6)
FN:89,(anonymous_7)
FN:94,(anonymous_8)
FN:118,(anonymous_9)
FN:128,(anonymous_10)
FN:131,(anonymous_11)
FN:140,(anonymous_12)
FN:153,(anonymous_13)
FN:154,(anonymous_14)
FN:157,(anonymous_15)
FN:158,(anonymous_16)
FN:158,(anonymous_17)
FN:161,(anonymous_18)
FN:162,(anonymous_19)
FN:162,(anonymous_20)
FN:165,(anonymous_21)
FN:166,(anonymous_22)
FN:166,(anonymous_23)
FN:172,(anonymous_24)
FN:173,(anonymous_25)
FN:173,(anonymous_26)
FN:175,(anonymous_27)
FN:179,(anonymous_28)
FN:180,(anonymous_29)
FN:180,(anonymous_30)
FN:184,(anonymous_31)
FN:189,(anonymous_32)
FN:197,(anonymous_33)
FN:200,(anonymous_34)
FN:201,(anonymous_35)
FN:203,(anonymous_36)
FN:246,(anonymous_37)
FN:255,(anonymous_38)
FN:275,(anonymous_39)
FN:275,(anonymous_40)
FN:282,(anonymous_41)
FN:335,(anonymous_42)
FN:340,(anonymous_43)
FN:385,(anonymous_44)
FN:400,(anonymous_45)
FN:410,(anonymous_46)
FN:428,(anonymous_47)
FN:429,(anonymous_48)
FN:437,(anonymous_49)
FN:451,(anonymous_50)
FN:473,(anonymous_51)
FN:480,(anonymous_52)
FN:487,(anonymous_53)
FN:493,(anonymous_54)
FN:499,(anonymous_55)
FN:508,(anonymous_56)
FN:513,(anonymous_57)
FN:519,(anonymous_58)
FN:530,(anonymous_59)
FN:583,(anonymous_60)
FN:598,(anonymous_61)
FN:616,(anonymous_62)
FN:631,(anonymous_63)
FN:642,(anonymous_64)
FNF:65
FNH:4
FNDA:3,genId
FNDA:0,parsePatternTasks
FNDA:0,(anonymous_2)
FNDA:0,(anonymous_3)
FNDA:0,(anonymous_4)
FNDA:0,(anonymous_5)
FNDA:3,(anonymous_6)
FNDA:1,(anonymous_7)
FNDA:1,(anonymous_8)
FNDA:0,(anonymous_9)
FNDA:0,(anonymous_10)
FNDA:0,(anonymous_11)
FNDA:0,(anonymous_12)
FNDA:0,(anonymous_13)
FNDA:0,(anonymous_14)
FNDA:0,(anonymous_15)
FNDA:0,(anonymous_16)
FNDA:0,(anonymous_17)
FNDA:0,(anonymous_18)
FNDA:0,(anonymous_19)
FNDA:0,(anonymous_20)
FNDA:0,(anonymous_21)
FNDA:0,(anonymous_22)
FNDA:0,(anonymous_23)
FNDA:0,(anonymous_24)
FNDA:0,(anonymous_25)
FNDA:0,(anonymous_26)
FNDA:0,(anonymous_27)
FNDA:0,(anonymous_28)
FNDA:0,(anonymous_29)
FNDA:0,(anonymous_30)
FNDA:0,(anonymous_31)
FNDA:0,(anonymous_32)
FNDA:0,(anonymous_33)
FNDA:0,(anonymous_34)
FNDA:0,(anonymous_35)
FNDA:0,(anonymous_36)
FNDA:0,(anonymous_37)
FNDA:0,(anonymous_38)
FNDA:0,(anonymous_39)
FNDA:0,(anonymous_40)
FNDA:0,(anonymous_41)
FNDA:0,(anonymous_42)
FNDA:0,(anonymous_43)
FNDA:0,(anonymous_44)
FNDA:0,(anonymous_45)
FNDA:0,(anonymous_46)
FNDA:0,(anonymous_47)
FNDA:0,(anonymous_48)
FNDA:0,(anonymous_49)
FNDA:0,(anonymous_50)
FNDA:0,(anonymous_51)
FNDA:0,(anonymous_52)
FNDA:0,(anonymous_53)
FNDA:0,(anonymous_54)
FNDA:0,(anonymous_55)
FNDA:0,(anonymous_56)
FNDA:0,(anonymous_57)
FNDA:0,(anonymous_58)
FNDA:0,(anonymous_59)
FNDA:0,(anonymous_60)
FNDA:0,(anonymous_61)
FNDA:0,(anonymous_62)
FNDA:0,(anonymous_63)
FNDA:0,(anonymous_64)
DA:1,4
DA:2,4
DA:3,4
DA:4,4
DA:5,4
DA:6,4
DA:7,4
DA:35,3
DA:36,3
DA:38,0
DA:42,0
DA:43,0
DA:44,0
DA:48,0
DA:49,0
DA:51,0
DA:60,4
DA:65,3
DA:66,3
DA:67,3
DA:68,3
DA:70,3
DA:71,3
DA:72,3
DA:73,3
DA:74,3
DA:75,3
DA:76,3
DA:79,3
DA:86,3
DA:87,3
DA:89,3
DA:90,1
DA:91,1
DA:94,3
DA:95,1
DA:96,1
DA:97,1
DA:98,1
DA:99,0
DA:100,0
DA:101,0
DA:104,1
DA:111,1
DA:112,0
DA:113,0
DA:114,0
DA:115,0
DA:118,1
DA:124,1
DA:125,1
DA:128,3
DA:129,0
DA:130,0
DA:131,0
DA:137,0
DA:140,3
DA:141,0
DA:142,0
DA:143,0
DA:144,0
DA:145,0
DA:146,0
DA:147,0
DA:148,0
DA:149,0
DA:150,0
DA:153,3
DA:154,0
DA:157,3
DA:158,0
DA:161,3
DA:162,0
DA:165,3
DA:166,0
DA:167,0
DA:168,0
DA:172,3
DA:173,0
DA:174,0
DA:175,0
DA:179,3
DA:180,0
DA:181,0
DA:182,0
DA:184,0
DA:189,3
DA:190,0
DA:191,0
DA:192,0
DA:193,0
DA:196,0
DA:197,0
DA:200,0
DA:201,0
DA:203,0
DA:205,0
DA:206,0
DA:207,0
DA:210,0
DA:211,0
DA:212,0
DA:213,0
DA:214,0
DA:215,0
DA:216,0
DA:217,0
DA:220,0
DA:233,0
DA:234,0
DA:235,0
DA:236,0
DA:239,0
DA:246,0
DA:247,0
DA:248,0
DA:249,0
DA:250,0
DA:251,0
DA:252,0
DA:255,3
DA:256,0
DA:257,0
DA:258,0
DA:260,0
DA:261,0
DA:263,0
DA:269,0
DA:270,0
DA:271,0
DA:272,0
DA:275,0
DA:276,0
DA:277,0
DA:278,0
DA:282,3
DA:283,0
DA:284,0
DA:285,0
DA:286,0
DA:287,0
DA:289,0
DA:290,0
DA:291,0
DA:292,0
DA:293,0
DA:303,0
DA:304,0
DA:305,0
DA:306,0
DA:310,0
DA:311,0
DA:312,0
DA:313,0
DA:314,0
DA:316,0
DA:329,0
DA:330,0
DA:331,0
DA:334,0
DA:335,0
DA:340,0
DA:342,0
DA:343,0
DA:344,0
DA:345,0
DA:351,0
DA:352,0
DA:353,0
DA:354,0
DA:355,0
DA:358,3
DA:360,2
DA:385,0
DA:401,0
DA:402,0
DA:403,0
DA:410,0
DA:429,0
DA:430,0
DA:437,0
DA:451,0
DA:473,0
DA:480,0
DA:488,0
DA:493,0
DA:499,0
DA:509,0
DA:513,0
DA:519,0
DA:530,0
DA:584,0
DA:599,0
DA:617,0
DA:631,0
DA:642,0
LF:196
LH:50
BRDA:35,0,0,3
BRDA:35,0,1,0
BRDA:35,1,0,3
BRDA:35,1,1,3
BRDA:42,2,0,0
BRDA:42,2,1,0
BRDA:46,3,0,0
BRDA:46,3,1,0
BRDA:47,4,0,0
BRDA:47,4,1,0
BRDA:48,5,0,0
BRDA:48,5,1,0
BRDA:90,6,0,0
BRDA:90,6,1,1
BRDA:98,7,0,0
BRDA:98,7,1,1
BRDA:111,8,0,0
BRDA:111,8,1,1
BRDA:118,9,0,1
BRDA:118,9,1,0
BRDA:121,10,0,0
BRDA:121,10,1,0
BRDA:130,11,0,0
BRDA:130,11,1,0
BRDA:133,12,0,0
BRDA:133,12,1,0
BRDA:134,13,0,0
BRDA:134,13,1,0
BRDA:162,14,0,0
BRDA:162,14,1,0
BRDA:167,15,0,0
BRDA:167,15,1,0
BRDA:174,16,0,0
BRDA:174,16,1,0
BRDA:181,17,0,0
BRDA:181,17,1,0
BRDA:184,18,0,0
BRDA:184,18,1,0
BRDA:191,19,0,0
BRDA:191,19,1,0
BRDA:205,20,0,0
BRDA:205,20,1,0
BRDA:214,21,0,0
BRDA:214,21,1,0
BRDA:226,22,0,0
BRDA:226,22,1,0
BRDA:234,23,0,0
BRDA:234,23,1,0
BRDA:234,24,0,0
BRDA:234,24,1,0
BRDA:235,25,0,0
BRDA:235,25,1,0
BRDA:242,26,0,0
BRDA:242,26,1,0
BRDA:256,27,0,0
BRDA:256,27,1,0
BRDA:270,28,0,0
BRDA:270,28,1,0
BRDA:277,29,0,0
BRDA:277,29,1,0
BRDA:285,30,0,0
BRDA:285,30,1,0
BRDA:292,31,0,0
BRDA:292,31,1,0
BRDA:296,32,0,0
BRDA:296,32,1,0
BRDA:297,33,0,0
BRDA:297,33,1,0
BRDA:298,34,0,0
BRDA:298,34,1,0
BRDA:299,35,0,0
BRDA:299,35,1,0
BRDA:304,36,0,0
BRDA:304,36,1,0
BRDA:305,37,0,0
BRDA:305,37,1,0
BRDA:310,38,0,0
BRDA:310,38,1,0
BRDA:310,39,0,0
BRDA:310,39,1,0
BRDA:314,40,0,0
BRDA:314,40,1,0
BRDA:329,41,0,0
BRDA:329,41,1,0
BRDA:329,42,0,0
BRDA:329,42,1,0
BRDA:342,43,0,0
BRDA:342,43,1,0
BRDA:344,44,0,0
BRDA:344,44,1,0
BRDA:358,45,0,1
BRDA:358,45,1,2
BRDA:390,46,0,2
BRDA:390,46,1,2
BRDA:407,47,0,2
BRDA:407,47,1,2
BRDA:420,48,0,2
BRDA:420,48,1,1
BRDA:424,49,0,2
BRDA:424,49,1,1
BRDA:424,49,2,1
BRDA:428,50,0,2
BRDA:428,50,1,1
BRDA:443,51,0,0
BRDA:443,51,1,0
BRDA:449,52,0,0
BRDA:449,52,1,0
BRDA:453,53,0,0
BRDA:453,53,1,0
BRDA:458,54,0,0
BRDA:458,54,1,0
BRDA:466,55,0,2
BRDA:466,55,1,0
BRDA:466,55,2,0
BRDA:555,56,0,0
BRDA:555,56,1,0
BRDA:561,57,0,2
BRDA:561,57,1,0
BRDA:568,58,0,2
BRDA:568,58,1,0
BRDA:570,59,0,0
BRDA:570,59,1,0
BRDA:632,60,0,0
BRDA:632,60,1,0
BRDA:643,61,0,0
BRDA:643,61,1,0
BRDA:650,62,0,0
BRDA:650,62,1,0
BRDA:667,63,0,0
BRDA:667,63,1,0
BRF:130
BRH:23
end_of_record
TN:
SF:src\components\DateInput.tsx
FN:13,DateInput
FN:16,(anonymous_1)
FN:26,(anonymous_2)
FN:43,(anonymous_3)
FNF:4
FNH:0
FNDA:0,DateInput
FNDA:0,(anonymous_1)
FNDA:0,(anonymous_2)
FNDA:0,(anonymous_3)
DA:1,4
DA:2,4
DA:13,4
DA:14,0
DA:16,0
DA:17,0
DA:18,0
DA:19,0
DA:20,0
DA:21,0
DA:23,0
DA:26,0
DA:27,0
DA:28,0
DA:29,0
DA:32,0
DA:34,0
DA:43,0
LF:18
LH:3
BRDA:13,0,0,0
BRDA:18,1,0,0
BRDA:18,1,1,0
BRDA:19,2,0,0
BRDA:19,2,1,0
BRDA:36,3,0,0
BRDA:36,3,1,0
BRDA:45,4,0,0
BRDA:45,4,1,0
BRDA:49,5,0,0
BRDA:49,5,1,0
BRDA:69,6,0,0
BRDA:69,6,1,0
BRDA:69,6,2,0
BRF:14
BRH:0
end_of_record
TN:
SF:src\components\GlobalSearchPalette.tsx
FN:18,GlobalSearchPalette
FN:26,(anonymous_1)
FN:30,(anonymous_2)
FN:33,(anonymous_3)
FN:39,(anonymous_4)
FN:45,(anonymous_5)
FN:47,(anonymous_6)
FN:51,(anonymous_7)
FN:58,(anonymous_8)
FN:65,(anonymous_9)
FN:77,(anonymous_10)
FN:80,(anonymous_11)
FN:82,(anonymous_12)
FN:83,(anonymous_13)
FN:87,(anonymous_14)
FN:92,(anonymous_15)
FN:110,(anonymous_16)
FN:118,(anonymous_17)
FN:124,(anonymous_18)
FN:146,(anonymous_19)
FN:152,(anonymous_20)
FN:153,(anonymous_21)
FNF:22
FNH:0
FNDA:0,GlobalSearchPalette
FNDA:0,(anonymous_1)
FNDA:0,(anonymous_2)
FNDA:0,(anonymous_3)
FNDA:0,(anonymous_4)
FNDA:0,(anonymous_5)
FNDA:0,(anonymous_6)
FNDA:0,(anonymous_7)
FNDA:0,(anonymous_8)
FNDA:0,(anonymous_9)
FNDA:0,(anonymous_10)
FNDA:0,(anonymous_11)
FNDA:0,(anonymous_12)
FNDA:0,(anonymous_13)
FNDA:0,(anonymous_14)
FNDA:0,(anonymous_15)
FNDA:0,(anonymous_16)
FNDA:0,(anonymous_17)
FNDA:0,(anonymous_18)
FNDA:0,(anonymous_19)
FNDA:0,(anonymous_20)
FNDA:0,(anonymous_21)
DA:1,3
DA:2,3
DA:3,3
DA:4,3
DA:18,3
DA:19,0
DA:20,0
DA:21,0
DA:22,0
DA:23,0
DA:24,0
DA:26,0
DA:27,0
DA:30,0
DA:31,0
DA:32,0
DA:33,0
DA:34,0
DA:35,0
DA:38,0
DA:39,0
DA:40,0
DA:41,0
DA:45,0
DA:46,0
DA:47,0
DA:48,0
DA:49,0
DA:50,0
DA:51,0
DA:58,0
DA:65,0
DA:73,0
DA:74,0
DA:75,0
DA:77,0
DA:80,0
DA:81,0
DA:82,0
DA:83,0
DA:84,0
DA:87,0
DA:88,0
DA:89,0
DA:92,0
DA:93,0
DA:94,0
DA:95,0
DA:98,0
DA:100,0
DA:110,0
DA:118,0
DA:124,0
DA:147,0
DA:152,0
DA:153,0
LF:56
LH:5
BRDA:34,0,0,0
BRDA:34,0,1,0
BRDA:46,1,0,0
BRDA:46,1,1,0
BRDA:54,2,0,0
BRDA:54,2,1,0
BRDA:61,3,0,0
BRDA:61,3,1,0
BRDA:81,4,0,0
BRDA:81,4,1,0
BRDA:82,5,0,0
BRDA:82,5,1,0
BRDA:83,6,0,0
BRDA:83,6,1,0
BRDA:84,7,0,0
BRDA:84,7,1,0
BRDA:84,8,0,0
BRDA:84,8,1,0
BRDA:93,9,0,0
BRDA:93,9,1,0
BRDA:94,10,0,0
BRDA:94,10,1,0
BRDA:123,11,0,0
BRDA:123,11,1,0
BRDA:132,12,0,0
BRDA:132,12,1,0
BRDA:136,13,0,0
BRDA:136,13,1,0
BRDA:136,13,2,0
BRDA:136,13,3,0
BRDA:140,14,0,0
BRDA:140,14,1,0
BRDA:140,14,2,0
BRDA:140,14,3,0
BRDA:144,15,0,0
BRDA:144,15,1,0
BRDA:144,15,2,0
BRDA:154,16,0,0
BRDA:154,16,1,0
BRDA:159,17,0,0
BRDA:159,17,1,0
BRDA:170,18,0,0
BRDA:170,18,1,0
BRDA:172,19,0,0
BRDA:172,19,1,0
BRF:45
BRH:0
end_of_record
TN:
SF:src\components\KeyboardShortcutsHelp.tsx
FN:9,KeyboardShortcutsHelp
FN:13,(anonymous_1)
FN:14,(anonymous_2)
FN:29,(anonymous_3)
FN:37,(anonymous_4)
FN:40,(anonymous_5)
FN:47,(anonymous_6)
FN:62,(anonymous_7)
FN:64,(anonymous_8)
FN:69,(anonymous_9)
FN:110,ShortcutItem
FNF:11
FNH:1
FNDA:1,KeyboardShortcutsHelp
FNDA:0,(anonymous_1)
FNDA:0,(anonymous_2)
FNDA:0,(anonymous_3)
FNDA:0,(anonymous_4)
FNDA:0,(anonymous_5)
FNDA:0,(anonymous_6)
FNDA:0,(anonymous_7)
FNDA:0,(anonymous_8)
FNDA:0,(anonymous_9)
FNDA:0,ShortcutItem
DA:1,3
DA:2,3
DA:3,3
DA:9,3
DA:10,1
DA:11,1
DA:13,1
DA:14,0
DA:15,0
DA:16,0
DA:23,0
DA:24,0
DA:27,0
DA:28,0
DA:29,0
DA:31,0
DA:32,0
DA:33,0
DA:36,0
DA:37,0
DA:40,1
DA:41,0
DA:42,0
DA:43,0
DA:45,0
DA:47,0
DA:48,0
DA:52,1
DA:53,1
DA:56,0
DA:62,0
DA:64,0
DA:69,0
DA:111,0
LF:34
LH:10
BRDA:16,0,0,0
BRDA:16,0,1,0
BRDA:16,0,2,0
BRDA:16,0,3,0
BRDA:16,0,4,0
BRDA:23,1,0,0
BRDA:23,1,1,0
BRDA:27,2,0,0
BRDA:27,2,1,0
BRDA:31,3,0,0
BRDA:31,3,1,0
BRDA:42,4,0,0
BRDA:42,4,1,0
BRDA:45,5,0,0
BRDA:45,5,1,0
BRDA:52,6,0,1
BRDA:52,6,1,0
BRF:17
BRH:1
end_of_record
TN:
SF:src\components\MentionInput.tsx
FN:12,MentionInput
FN:26,(anonymous_1)
FN:27,(anonymous_2)
FN:34,(anonymous_3)
FN:57,(anonymous_4)
FN:61,(anonymous_5)
FN:74,(anonymous_6)
FN:79,(anonymous_7)
FN:82,(anonymous_8)
FN:109,(anonymous_9)
FN:112,(anonymous_10)
FNF:11
FNH:0
FNDA:0,MentionInput
FNDA:0,(anonymous_1)
FNDA:0,(anonymous_2)
FNDA:0,(anonymous_3)
FNDA:0,(anonymous_4)
FNDA:0,(anonymous_5)
FNDA:0,(anonymous_6)
FNDA:0,(anonymous_7)
FNDA:0,(anonymous_8)
FNDA:0,(anonymous_9)
FNDA:0,(anonymous_10)
DA:1,1
DA:2,1
DA:12,1
DA:19,0
DA:20,0
DA:21,0
DA:22,0
DA:23,0
DA:24,0
DA:26,0
DA:27,0
DA:28,0
DA:29,0
DA:31,0
DA:34,0
DA:35,0
DA:36,0
DA:39,0
DA:40,0
DA:41,0
DA:42,0
DA:44,0
DA:45,0
DA:46,0
DA:47,0
DA:49,0
DA:52,0
DA:56,0
DA:57,0
DA:58,0
DA:61,0
DA:62,0
DA:63,0
DA:64,0
DA:65,0
DA:67,0
DA:68,0
DA:70,0
DA:71,0
DA:74,0
DA:75,0
DA:77,0
DA:78,0
DA:79,0
DA:80,0
DA:81,0
DA:82,0
DA:83,0
DA:84,0
DA:85,0
DA:86,0
DA:87,0
DA:91,0
DA:110,0
DA:112,0
LF:55
LH:3
BRDA:16,0,0,0
BRDA:17,1,0,0
BRDA:40,2,0,0
BRDA:40,2,1,0
BRDA:44,3,0,0
BRDA:44,3,1,0
BRDA:56,4,0,0
BRDA:56,4,1,0
BRDA:65,5,0,0
BRDA:65,5,1,0
BRDA:67,6,0,0
BRDA:67,6,1,0
BRDA:75,7,0,0
BRDA:75,7,1,0
BRDA:77,8,0,0
BRDA:77,8,1,0
BRDA:80,9,0,0
BRDA:80,9,1,0
BRDA:83,10,0,0
BRDA:83,10,1,0
BRDA:83,11,0,0
BRDA:83,11,1,0
BRDA:86,12,0,0
BRDA:86,12,1,0
BRDA:104,13,0,0
BRDA:104,13,1,0
BRDA:104,13,2,0
BRDA:113,14,0,0
BRDA:113,14,1,0
BRF:29
BRH:0
end_of_record
TN:
SF:src\components\ModalTabs.tsx
FN:25,ModalTabs
FN:26,(anonymous_1)
FN:28,(anonymous_2)
FN:33,(anonymous_3)
FN:35,(anonymous_4)
FN:73,(anonymous_5)
FN:90,(anonymous_6)
FN:91,(anonymous_7)
FNF:8
FNH:3
FNDA:4,ModalTabs
FNDA:8,(anonymous_1)
FNDA:0,(anonymous_2)
FNDA:0,(anonymous_3)
FNDA:0,(anonymous_4)
FNDA:8,(anonymous_5)
FNDA:0,(anonymous_6)
FNDA:0,(anonymous_7)
DA:15,4
DA:23,4
DA:25,4
DA:26,8
DA:28,4
DA:29,0
DA:30,0
DA:33,4
DA:34,0
DA:35,0
DA:36,0
DA:38,0
DA:39,0
DA:40,0
DA:41,0
DA:42,0
DA:43,0
DA:46,0
DA:47,0
DA:48,0
DA:49,0
DA:50,0
DA:51,0
DA:54,0
DA:55,0
DA:56,0
DA:57,0
DA:58,0
DA:59,0
DA:62,0
DA:63,0
DA:64,0
DA:65,0
DA:66,0
DA:70,4
DA:74,8
DA:75,8
DA:76,8
DA:77,8
DA:79,8
DA:90,0
DA:91,0
LF:42
LH:12
BRDA:25,0,0,4
BRDA:34,1,0,0
BRDA:34,1,1,0
BRDA:36,2,0,0
BRDA:36,2,1,0
BRDA:38,3,0,0
BRDA:38,3,1,0
BRDA:38,4,0,0
BRDA:38,4,1,0
BRDA:46,5,0,0
BRDA:46,5,1,0
BRDA:46,6,0,0
BRDA:46,6,1,0
BRDA:54,7,0,0
BRDA:54,7,1,0
BRDA:62,8,0,0
BRDA:62,8,1,0
BRDA:75,9,0,8
BRDA:75,9,1,8
BRDA:77,10,0,4
BRDA:77,10,1,4
BRDA:87,11,0,4
BRDA:87,11,1,4
BRDA:90,12,0,0
BRDA:90,12,1,0
BRDA:94,13,0,4
BRDA:94,13,1,4
BRDA:97,14,0,0
BRDA:97,14,1,8
BRDA:100,15,0,8
BRDA:100,15,1,4
BRF:31
BRH:12
end_of_record
TN:
SF:src\components\NotificationPreferencesModal.tsx
FN:10,NotificationPreferencesModal
FN:16,(anonymous_1)
FN:22,(anonymous_2)
FN:28,(anonymous_3)
FN:36,(anonymous_4)
FN:60,(anonymous_5)
FN:60,(anonymous_6)
FNF:7
FNH:0
FNDA:0,NotificationPreferencesModal
FNDA:0,(anonymous_1)
FNDA:0,(anonymous_2)
FNDA:0,(anonymous_3)
FNDA:0,(anonymous_4)
FNDA:0,(anonymous_5)
FNDA:0,(anonymous_6)
DA:1,3
DA:2,3
DA:3,3
DA:10,3
DA:11,0
DA:12,0
DA:13,0
DA:14,0
DA:16,0
DA:17,0
DA:23,0
DA:24,0
DA:28,0
DA:29,0
DA:30,0
DA:34,0
DA:35,0
DA:36,0
DA:39,0
DA:60,0
LF:20
LH:4
BRDA:23,0,0,0
BRDA:23,0,1,0
BRDA:23,1,0,0
BRDA:23,1,1,0
BRDA:55,2,0,0
BRDA:55,2,1,0
BRDA:63,3,0,0
BRDA:63,3,1,0
BRDA:71,4,0,0
BRDA:71,4,1,0
BRDA:74,5,0,0
BRDA:74,5,1,0
BRDA:89,6,0,0
BRDA:89,6,1,0
BRDA:92,7,0,0
BRDA:92,7,1,0
BRDA:92,8,0,0
BRDA:92,8,1,0
BRF:18
BRH:0
end_of_record
TN:
SF:src\components\ProjectWorkspaceSidebar.tsx
FN:37,ProjectWorkspaceSidebar
FN:41,(anonymous_1)
FN:47,(anonymous_2)
FN:77,(anonymous_3)
FN:92,(anonymous_4)
FN:97,(anonymous_5)
FNF:6
FNH:0
FNDA:0,ProjectWorkspaceSidebar
FNDA:0,(anonymous_1)
FNDA:0,(anonymous_2)
FNDA:0,(anonymous_3)
FNDA:0,(anonymous_4)
FNDA:0,(anonymous_5)
DA:1,3
DA:2,3
DA:3,3
DA:4,3
DA:19,3
DA:37,3
DA:38,0
DA:39,0
DA:41,0
DA:42,0
DA:48,0
DA:52,0
DA:77,0
DA:93,0
DA:98,0
LF:15
LH:6
BRDA:48,0,0,0
BRDA:48,0,1,0
BRDA:61,1,0,0
BRDA:61,1,1,0
BRDA:65,2,0,0
BRDA:65,2,1,0
BRDA:68,3,0,0
BRDA:68,3,1,0
BRDA:69,4,0,0
BRDA:69,4,1,0
BRDA:70,5,0,0
BRDA:70,5,1,0
BRDA:99,6,0,0
BRDA:99,6,1,0
BRF:14
BRH:0
end_of_record
TN:
SF:src\components\ProjectsSidebar.tsx
FN:22,ProjectsSidebar
FN:22,(anonymous_1)
FN:29,(anonymous_2)
FN:30,(anonymous_3)
FN:62,(anonymous_4)
FN:75,(anonymous_5)
FN:88,(anonymous_6)
FN:94,(anonymous_7)
FN:127,(anonymous_8)
FN:138,(anonymous_9)
FN:149,(anonymous_10)
FN:166,(anonymous_11)
FN:178,(anonymous_12)
FN:198,(anonymous_13)
FN:204,(anonymous_14)
FN:205,(anonymous_15)
FN:206,(anonymous_16)
FNF:17
FNH:5
FNDA:1,ProjectsSidebar
FNDA:0,(anonymous_1)
FNDA:0,(anonymous_2)
FNDA:0,(anonymous_3)
FNDA:0,(anonymous_4)
FNDA:1,(anonymous_5)
FNDA:0,(anonymous_6)
FNDA:0,(anonymous_7)
FNDA:1,(anonymous_8)
FNDA:1,(anonymous_9)
FNDA:1,(anonymous_10)
FNDA:0,(anonymous_11)
FNDA:0,(anonymous_12)
FNDA:0,(anonymous_13)
FNDA:0,(anonymous_14)
FNDA:0,(anonymous_15)
FNDA:0,(anonymous_16)
DA:1,3
DA:2,3
DA:3,3
DA:4,3
DA:5,3
DA:14,3
DA:15,3
DA:22,3
DA:23,1
DA:24,1
DA:25,1
DA:26,1
DA:27,1
DA:29,1
DA:30,0
DA:31,0
DA:32,0
DA:33,0
DA:34,0
DA:38,1
DA:39,1
DA:40,1
DA:42,1
DA:62,0
DA:76,1
DA:89,0
DA:90,0
DA:94,0
DA:128,1
DA:139,1
DA:150,1
DA:166,0
DA:178,0
DA:198,0
DA:204,0
DA:206,0
DA:207,0
LF:37
LH:22
BRDA:22,0,0,0
BRDA:32,1,0,0
BRDA:32,1,1,0
BRDA:40,2,0,1
BRDA:40,2,1,1
BRDA:77,3,0,0
BRDA:77,3,1,1
BRDA:77,4,0,1
BRDA:77,4,1,0
BRDA:96,5,0,0
BRDA:96,5,1,0
BRDA:103,6,0,0
BRDA:103,6,1,0
BRDA:104,7,0,0
BRDA:104,7,1,0
BRDA:105,8,0,0
BRDA:105,8,1,0
BRDA:114,9,0,1
BRDA:114,9,1,1
BRDA:129,10,0,0
BRDA:129,10,1,1
BRDA:140,11,0,0
BRDA:140,11,1,1
BRDA:151,12,0,0
BRDA:151,12,1,1
BRDA:170,13,0,1
BRDA:170,13,1,0
BRDA:173,14,0,1
BRDA:173,14,1,0
BRDA:174,15,0,1
BRDA:174,15,1,0
BRDA:195,16,0,1
BRDA:195,16,1,0
BRDA:195,16,2,0
BRF:34
BRH:13
end_of_record
TN:
SF:src\context\AuthContext.tsx
FN:19,mapUser
FN:28,AuthProvider
FN:32,(anonymous_2)
FN:35,loadSession
FN:45,(anonymous_4)
FN:51,(anonymous_5)
FN:57,(anonymous_6)
FN:60,(anonymous_7)
FN:69,useAuth
FNF:9
FNH:7
FNDA:3,mapUser
FNDA:4,AuthProvider
FNDA:3,(anonymous_2)
FNDA:3,loadSession
FNDA:0,(anonymous_4)
FNDA:3,(anonymous_5)
FNDA:4,(anonymous_6)
FNDA:0,(anonymous_7)
FNDA:7,useAuth
DA:1,3
DA:2,3
DA:17,3
DA:20,3
DA:28,3
DA:29,4
DA:30,4
DA:32,4
DA:33,3
DA:36,3
DA:37,3
DA:38,3
DA:39,3
DA:40,3
DA:43,3
DA:45,3
DA:46,0
DA:47,0
DA:48,0
DA:51,3
DA:52,3
DA:53,3
DA:57,4
DA:61,0
DA:65,4
DA:69,3
DA:70,7
DA:71,7
DA:72,0
DA:74,7
LF:30
LH:25
BRDA:22,0,0,3
BRDA:22,0,1,0
BRDA:23,1,0,3
BRDA:23,1,1,3
BRDA:23,1,2,0
BRDA:24,2,0,3
BRDA:24,2,1,3
BRDA:37,3,0,0
BRDA:37,3,1,3
BRDA:39,4,0,3
BRDA:39,4,1,0
BRDA:47,5,0,0
BRDA:47,5,1,0
BRDA:71,6,0,0
BRDA:71,6,1,7
BRF:15
BRH:8
end_of_record
TN:
SF:src\lib\auditLog.ts
FN:29,(anonymous_0)
FN:47,getActivityLogs
FN:74,(anonymous_2)
FN:88,(anonymous_3)
FN:101,getUserActivityLogs
FN:112,(anonymous_5)
FN:123,getGlobalActivityLogs
FN:146,(anonymous_7)
FN:160,(anonymous_8)
FN:173,generateSummary
FN:180,(anonymous_10)
FN:195,formatValue
FN:204,logActivity
FN:237,getProjectActivityStream
FN:249,(anonymous_14)
FNF:15
FNH:0
FNDA:0,(anonymous_0)
FNDA:0,getActivityLogs
FNDA:0,(anonymous_2)
FNDA:0,(anonymous_3)
FNDA:0,getUserActivityLogs
FNDA:0,(anonymous_5)
FNDA:0,getGlobalActivityLogs
FNDA:0,(anonymous_7)
FNDA:0,(anonymous_8)
FNDA:0,generateSummary
FNDA:0,(anonymous_10)
FNDA:0,formatValue
FNDA:0,logActivity
FNDA:0,getProjectActivityStream
FNDA:0,(anonymous_14)
DA:1,4
DA:29,4
DA:30,0
DA:34,0
DA:36,0
DA:38,0
DA:40,0
DA:42,0
DA:47,4
DA:52,0
DA:53,0
DA:71,0
DA:73,0
DA:74,0
DA:76,0
DA:77,0
DA:78,0
DA:83,0
DA:84,0
DA:88,0
DA:95,0
DA:96,0
DA:101,4
DA:102,0
DA:103,0
DA:110,0
DA:112,0
DA:118,0
DA:119,0
DA:123,4
DA:127,0
DA:128,0
DA:134,0
DA:135,0
DA:138,0
DA:139,0
DA:142,0
DA:143,0
DA:145,0
DA:146,0
DA:148,0
DA:149,0
DA:150,0
DA:155,0
DA:156,0
DA:160,0
DA:167,0
DA:168,0
DA:174,0
DA:176,0
DA:179,0
DA:180,0
DA:181,0
DA:182,0
DA:183,0
DA:184,0
DA:187,0
DA:188,0
DA:189,0
DA:192,0
DA:196,0
DA:197,0
DA:198,0
DA:199,0
DA:200,0
DA:204,4
DA:211,0
DA:212,0
DA:213,0
DA:214,0
DA:215,0
DA:216,0
DA:217,0
DA:218,0
DA:222,0
DA:237,4
DA:238,0
DA:239,0
DA:247,0
DA:249,0
DA:255,0
DA:256,0
LF:82
LH:7
BRDA:30,0,0,0
BRDA:30,0,1,0
BRDA:31,1,0,0
BRDA:31,1,1,0
BRDA:32,2,0,0
BRDA:32,2,1,0
BRDA:34,3,0,0
BRDA:34,3,1,0
BRDA:34,3,2,0
BRDA:34,3,3,0
BRDA:36,4,0,0
BRDA:36,4,1,0
BRDA:36,5,0,0
BRDA:36,5,1,0
BRDA:50,6,0,0
BRDA:71,7,0,0
BRDA:71,7,1,0
BRDA:73,8,0,0
BRDA:73,8,1,0
BRDA:77,9,0,0
BRDA:77,9,1,0
BRDA:83,10,0,0
BRDA:83,10,1,0
BRDA:84,11,0,0
BRDA:84,11,1,0
BRDA:84,11,2,0
BRDA:90,12,0,0
BRDA:90,12,1,0
BRDA:101,13,0,0
BRDA:110,14,0,0
BRDA:110,14,1,0
BRDA:112,15,0,0
BRDA:112,15,1,0
BRDA:124,16,0,0
BRDA:125,17,0,0
BRDA:134,18,0,0
BRDA:134,18,1,0
BRDA:138,19,0,0
BRDA:138,19,1,0
BRDA:138,20,0,0
BRDA:138,20,1,0
BRDA:143,21,0,0
BRDA:143,21,1,0
BRDA:145,22,0,0
BRDA:145,22,1,0
BRDA:149,23,0,0
BRDA:149,23,1,0
BRDA:155,24,0,0
BRDA:155,24,1,0
BRDA:156,25,0,0
BRDA:156,25,1,0
BRDA:156,25,2,0
BRDA:162,26,0,0
BRDA:162,26,1,0
BRDA:174,27,0,0
BRDA:174,27,1,0
BRDA:179,28,0,0
BRDA:179,28,1,0
BRDA:179,29,0,0
BRDA:179,29,1,0
BRDA:181,30,0,0
BRDA:181,30,1,0
BRDA:187,31,0,0
BRDA:187,31,1,0
BRDA:188,32,0,0
BRDA:188,32,1,0
BRDA:188,32,2,0
BRDA:196,33,0,0
BRDA:196,33,1,0
BRDA:196,34,0,0
BRDA:196,34,1,0
BRDA:197,35,0,0
BRDA:197,35,1,0
BRDA:197,36,0,0
BRDA:197,36,1,0
BRDA:198,37,0,0
BRDA:198,37,1,0
BRDA:198,38,0,0
BRDA:198,38,1,0
BRDA:199,39,0,0
BRDA:199,39,1,0
BRDA:213,40,0,0
BRDA:213,40,1,0
BRDA:215,41,0,0
BRDA:215,41,1,0
BRDA:215,42,0,0
BRDA:215,42,1,0
BRDA:215,42,2,0
BRDA:217,43,0,0
BRDA:217,43,1,0
BRDA:228,44,0,0
BRDA:228,44,1,0
BRDA:229,45,0,0
BRDA:229,45,1,0
BRDA:237,46,0,0
BRDA:247,47,0,0
BRDA:247,47,1,0
BRDA:249,48,0,0
BRDA:249,48,1,0
BRF:99
BRH:0
end_of_record
TN:
SF:src\lib\db.ts
FN:29,dbRowToLocalTask
FN:39,(anonymous_1)
FN:52,loadTasks
FN:64,(anonymous_3)
FN:71,(anonymous_4)
FN:75,(anonymous_5)
FN:83,persistTask
FN:103,(anonymous_7)
FN:114,(anonymous_8)
FN:122,removeTask
FN:130,mapVirtualMemberRow
FN:147,findUserProfileByEmail
FN:164,ensureProjectMember
FN:181,loadVirtualMembers
FN:193,loadFavoriteMembers
FN:198,addVirtualMember
FN:225,createFavoriteMember
FN:256,loadProjectVirtualMembers
FN:271,createProjectVirtualMember
FN:315,inviteFavoriteToProject
FN:397,linkProjectVirtualMemberToAccount
FN:428,(anonymous_21)
FN:431,(anonymous_22)
FN:432,(anonymous_23)
FN:437,(anonymous_24)
FN:448,(anonymous_25)
FN:451,(anonymous_26)
FN:452,(anonymous_27)
FN:471,loadProjectTeamMembers
FN:481,(anonymous_29)
FN:494,(anonymous_30)
FN:503,(anonymous_31)
FN:507,deleteVirtualMemberDb
FN:513,upsertUserProfile
FN:524,loadAllMembers
FN:558,loadExpensesDb
FN:568,createExpenseDb
FN:589,updateExpenseDb
FN:607,addTaskDependencyDb
FN:621,removeTaskDependencyDb
FN:633,deleteExpenseDb
FN:639,loadBudgetTotalDb
FN:648,saveBudgetTotalDb
FN:669,extractStoragePathFromDocumentUrl
FN:678,resolveDocumentAccessUrl
FN:693,hydrateDocumentUrls
FN:695,(anonymous_46)
FN:702,loadDocumentsDb
FN:712,loadProjectDocumentsDb
FN:722,uploadDocumentDb
FN:763,deleteDocumentDb
FN:775,resolveDocType
FN:784,formatBytes
FN:809,loadProjects
FN:815,(anonymous_54)
FN:818,loadProjectsSimple
FN:827,loadProject
FN:837,createProjectDb
FN:863,(anonymous_58)
FN:880,updateProjectDb
FN:900,archiveProjectDb
FN:910,deleteProjectDb
FNF:62
FNH:0
FNDA:0,dbRowToLocalTask
FNDA:0,(anonymous_1)
FNDA:0,loadTasks
FNDA:0,(anonymous_3)
FNDA:0,(anonymous_4)
FNDA:0,(anonymous_5)
FNDA:0,persistTask
FNDA:0,(anonymous_7)
FNDA:0,(anonymous_8)
FNDA:0,removeTask
FNDA:0,mapVirtualMemberRow
FNDA:0,findUserProfileByEmail
FNDA:0,ensureProjectMember
FNDA:0,loadVirtualMembers
FNDA:0,loadFavoriteMembers
FNDA:0,addVirtualMember
FNDA:0,createFavoriteMember
FNDA:0,loadProjectVirtualMembers
FNDA:0,createProjectVirtualMember
FNDA:0,inviteFavoriteToProject
FNDA:0,linkProjectVirtualMemberToAccount
FNDA:0,(anonymous_21)
FNDA:0,(anonymous_22)
FNDA:0,(anonymous_23)
FNDA:0,(anonymous_24)
FNDA:0,(anonymous_25)
FNDA:0,(anonymous_26)
FNDA:0,(anonymous_27)
FNDA:0,loadProjectTeamMembers
FNDA:0,(anonymous_29)
FNDA:0,(anonymous_30)
FNDA:0,(anonymous_31)
FNDA:0,deleteVirtualMemberDb
FNDA:0,upsertUserProfile
FNDA:0,loadAllMembers
FNDA:0,loadExpensesDb
FNDA:0,createExpenseDb
FNDA:0,updateExpenseDb
FNDA:0,addTaskDependencyDb
FNDA:0,removeTaskDependencyDb
FNDA:0,deleteExpenseDb
FNDA:0,loadBudgetTotalDb
FNDA:0,saveBudgetTotalDb
FNDA:0,extractStoragePathFromDocumentUrl
FNDA:0,resolveDocumentAccessUrl
FNDA:0,hydrateDocumentUrls
FNDA:0,(anonymous_46)
FNDA:0,loadDocumentsDb
FNDA:0,loadProjectDocumentsDb
FNDA:0,uploadDocumentDb
FNDA:0,deleteDocumentDb
FNDA:0,resolveDocType
FNDA:0,formatBytes
FNDA:0,loadProjects
FNDA:0,(anonymous_54)
FNDA:0,loadProjectsSimple
FNDA:0,loadProject
FNDA:0,createProjectDb
FNDA:0,(anonymous_58)
FNDA:0,updateProjectDb
FNDA:0,archiveProjectDb
FNDA:0,deleteProjectDb
DA:6,4
DA:8,4
DA:9,4
DA:30,0
DA:39,0
DA:52,4
DA:53,0
DA:59,0
DA:60,0
DA:63,0
DA:64,0
DA:65,0
DA:69,0
DA:70,0
DA:71,0
DA:72,0
DA:73,0
DA:75,0
DA:79,0
DA:83,4
DA:84,0
DA:98,0
DA:101,0
DA:102,0
DA:103,0
DA:114,0
DA:115,0
DA:116,0
DA:118,0
DA:122,4
DA:123,0
DA:124,0
DA:125,0
DA:131,0
DA:148,0
DA:149,0
DA:150,0
DA:156,0
DA:157,0
DA:158,0
DA:161,0
DA:165,0
DA:176,0
DA:177,0
DA:181,4
DA:182,0
DA:189,0
DA:190,0
DA:193,4
DA:194,0
DA:198,4
DA:202,0
DA:203,0
DA:221,0
DA:222,0
DA:225,4
DA:229,0
DA:230,0
DA:248,0
DA:249,0
DA:250,0
DA:253,0
DA:256,4
DA:257,0
DA:263,0
DA:264,0
DA:265,0
DA:268,0
DA:271,4
DA:277,0
DA:278,0
DA:280,0
DA:281,0
DA:284,0
DA:285,0
DA:286,0
DA:289,0
DA:307,0
DA:308,0
DA:309,0
DA:312,0
DA:315,4
DA:320,0
DA:327,0
DA:328,0
DA:329,0
DA:332,0
DA:333,0
DA:335,0
DA:336,0
DA:338,0
DA:339,0
DA:345,0
DA:352,0
DA:353,0
DA:356,0
DA:359,0
DA:366,0
DA:367,0
DA:370,0
DA:389,0
DA:390,0
DA:391,0
DA:394,0
DA:397,4
DA:398,0
DA:404,0
DA:405,0
DA:406,0
DA:409,0
DA:410,0
DA:412,0
DA:413,0
DA:414,0
DA:417,0
DA:419,0
DA:424,0
DA:425,0
DA:428,0
DA:430,0
DA:432,0
DA:433,0
DA:437,0
DA:438,0
DA:439,0
DA:444,0
DA:445,0
DA:448,0
DA:450,0
DA:452,0
DA:453,0
DA:458,0
DA:463,0
DA:464,0
DA:465,0
DA:468,0
DA:471,4
DA:472,0
DA:477,0
DA:478,0
DA:481,0
DA:482,0
DA:484,0
DA:485,0
DA:490,0
DA:491,0
DA:494,0
DA:503,0
DA:504,0
DA:507,4
DA:508,0
DA:509,0
DA:513,4
DA:514,0
DA:524,4
DA:525,0
DA:530,0
DA:531,0
DA:533,0
DA:534,0
DA:543,0
DA:558,4
DA:559,0
DA:564,0
DA:565,0
DA:568,4
DA:572,0
DA:585,0
DA:586,0
DA:589,4
DA:590,0
DA:601,0
DA:602,0
DA:607,4
DA:612,0
DA:617,0
DA:618,0
DA:621,4
DA:625,0
DA:630,0
DA:633,4
DA:634,0
DA:635,0
DA:636,0
DA:639,4
DA:640,0
DA:645,0
DA:648,4
DA:649,0
DA:670,0
DA:671,0
DA:672,0
DA:674,0
DA:679,0
DA:680,0
DA:682,0
DA:686,0
DA:687,0
DA:690,0
DA:694,0
DA:695,0
DA:702,4
DA:703,0
DA:708,0
DA:709,0
DA:712,4
DA:713,0
DA:718,0
DA:719,0
DA:722,4
DA:729,0
DA:730,0
DA:732,0
DA:735,0
DA:737,0
DA:739,0
DA:754,0
DA:756,0
DA:757,0
DA:763,4
DA:765,0
DA:766,0
DA:767,0
DA:768,0
DA:771,0
DA:772,0
DA:776,0
DA:777,0
DA:778,0
DA:779,0
DA:780,0
DA:781,0
DA:785,0
DA:786,0
DA:787,0
DA:809,4
DA:810,0
DA:814,0
DA:815,0
DA:818,4
DA:819,0
DA:823,0
DA:824,0
DA:827,4
DA:828,0
DA:833,0
DA:834,0
DA:837,4
DA:841,0
DA:854,0
DA:855,0
DA:856,0
DA:859,0
DA:860,0
DA:863,0
DA:873,0
DA:874,0
DA:877,0
DA:880,4
DA:885,0
DA:886,0
DA:887,0
DA:888,0
DA:889,0
DA:890,0
DA:891,0
DA:896,0
DA:897,0
DA:900,4
DA:901,0
DA:906,0
DA:907,0
DA:910,4
DA:911,0
DA:916,0
DA:917,0
LF:276
LH:37
BRDA:33,0,0,0
BRDA:33,0,1,0
BRDA:36,1,0,0
BRDA:36,1,1,0
BRDA:37,2,0,0
BRDA:37,2,1,0
BRDA:38,3,0,0
BRDA:38,3,1,0
BRDA:38,3,2,0
BRDA:39,4,0,0
BRDA:39,4,1,0
BRDA:43,5,0,0
BRDA:43,5,1,0
BRDA:45,6,0,0
BRDA:45,6,1,0
BRDA:59,7,0,0
BRDA:59,7,1,0
BRDA:60,8,0,0
BRDA:60,8,1,0
BRDA:63,9,0,0
BRDA:63,9,1,0
BRDA:69,10,0,0
BRDA:69,10,1,0
BRDA:72,11,0,0
BRDA:72,11,1,0
BRDA:75,12,0,0
BRDA:75,12,1,0
BRDA:91,13,0,0
BRDA:91,13,1,0
BRDA:92,14,0,0
BRDA:92,14,1,0
BRDA:93,15,0,0
BRDA:93,15,1,0
BRDA:96,16,0,0
BRDA:96,16,1,0
BRDA:98,17,0,0
BRDA:98,17,1,0
BRDA:101,18,0,0
BRDA:101,18,1,0
BRDA:115,19,0,0
BRDA:115,19,1,0
BRDA:124,20,0,0
BRDA:124,20,1,0
BRDA:135,21,0,0
BRDA:135,21,1,0
BRDA:136,22,0,0
BRDA:136,22,1,0
BRDA:137,23,0,0
BRDA:137,23,1,0
BRDA:139,24,0,0
BRDA:139,24,1,0
BRDA:140,25,0,0
BRDA:140,25,1,0
BRDA:141,26,0,0
BRDA:141,26,1,0
BRDA:142,27,0,0
BRDA:142,27,1,0
BRDA:143,28,0,0
BRDA:143,28,1,0
BRDA:149,29,0,0
BRDA:149,29,1,0
BRDA:156,30,0,0
BRDA:156,30,1,0
BRDA:161,31,0,0
BRDA:161,31,1,0
BRDA:176,32,0,0
BRDA:176,32,1,0
BRDA:189,33,0,0
BRDA:189,33,1,0
BRDA:190,34,0,0
BRDA:190,34,1,0
BRDA:202,35,0,0
BRDA:202,35,1,0
BRDA:206,36,0,0
BRDA:206,36,1,0
BRDA:211,37,0,0
BRDA:211,37,1,0
BRDA:213,38,0,0
BRDA:213,38,1,0
BRDA:213,38,2,0
BRDA:215,39,0,0
BRDA:215,39,1,0
BRDA:216,40,0,0
BRDA:216,40,1,0
BRDA:221,41,0,0
BRDA:221,41,1,0
BRDA:240,42,0,0
BRDA:240,42,1,0
BRDA:241,43,0,0
BRDA:241,43,1,0
BRDA:248,44,0,0
BRDA:248,44,1,0
BRDA:263,45,0,0
BRDA:263,45,1,0
BRDA:268,46,0,0
BRDA:268,46,1,0
BRDA:280,47,0,0
BRDA:280,47,1,0
BRDA:284,48,0,0
BRDA:284,48,1,0
BRDA:299,49,0,0
BRDA:299,49,1,0
BRDA:307,50,0,0
BRDA:307,50,1,0
BRDA:327,51,0,0
BRDA:327,51,1,0
BRDA:327,52,0,0
BRDA:327,52,1,0
BRDA:333,53,0,0
BRDA:333,53,1,0
BRDA:335,54,0,0
BRDA:335,54,1,0
BRDA:338,55,0,0
BRDA:338,55,1,0
BRDA:352,56,0,0
BRDA:352,56,1,0
BRDA:366,57,0,0
BRDA:366,57,1,0
BRDA:379,58,0,0
BRDA:379,58,1,0
BRDA:389,59,0,0
BRDA:389,59,1,0
BRDA:404,60,0,0
BRDA:404,60,1,0
BRDA:404,61,0,0
BRDA:404,61,1,0
BRDA:410,62,0,0
BRDA:410,62,1,0
BRDA:410,63,0,0
BRDA:410,63,1,0
BRDA:413,64,0,0
BRDA:413,64,1,0
BRDA:424,65,0,0
BRDA:424,65,1,0
BRDA:428,66,0,0
BRDA:428,66,1,0
BRDA:428,67,0,0
BRDA:428,67,1,0
BRDA:432,68,0,0
BRDA:432,68,1,0
BRDA:437,69,0,0
BRDA:437,69,1,0
BRDA:438,70,0,0
BRDA:438,70,1,0
BRDA:444,71,0,0
BRDA:444,71,1,0
BRDA:448,72,0,0
BRDA:448,72,1,0
BRDA:448,73,0,0
BRDA:448,73,1,0
BRDA:452,74,0,0
BRDA:452,74,1,0
BRDA:463,75,0,0
BRDA:463,75,1,0
BRDA:477,76,0,0
BRDA:477,76,1,0
BRDA:481,77,0,0
BRDA:481,77,1,0
BRDA:484,78,0,0
BRDA:484,78,1,0
BRDA:490,79,0,0
BRDA:490,79,1,0
BRDA:494,80,0,0
BRDA:494,80,1,0
BRDA:497,81,0,0
BRDA:497,81,1,0
BRDA:497,81,2,0
BRDA:498,82,0,0
BRDA:498,82,1,0
BRDA:499,83,0,0
BRDA:499,83,1,0
BRDA:509,84,0,0
BRDA:509,84,1,0
BRDA:533,85,0,0
BRDA:533,85,1,0
BRDA:536,86,0,0
BRDA:536,86,1,0
BRDA:536,86,2,0
BRDA:537,87,0,0
BRDA:537,87,1,0
BRDA:564,88,0,0
BRDA:564,88,1,0
BRDA:565,89,0,0
BRDA:565,89,1,0
BRDA:580,90,0,0
BRDA:580,90,1,0
BRDA:585,91,0,0
BRDA:585,91,1,0
BRDA:598,92,0,0
BRDA:598,92,1,0
BRDA:601,93,0,0
BRDA:601,93,1,0
BRDA:610,94,0,0
BRDA:617,95,0,0
BRDA:617,95,1,0
BRDA:630,96,0,0
BRDA:630,96,1,0
BRDA:635,97,0,0
BRDA:635,97,1,0
BRDA:645,98,0,0
BRDA:645,98,1,0
BRDA:672,99,0,0
BRDA:672,99,1,0
BRDA:679,100,0,0
BRDA:679,100,1,0
BRDA:680,101,0,0
BRDA:680,101,1,0
BRDA:686,102,0,0
BRDA:686,102,1,0
BRDA:686,103,0,0
BRDA:686,103,1,0
BRDA:708,104,0,0
BRDA:708,104,1,0
BRDA:709,105,0,0
BRDA:709,105,1,0
BRDA:718,106,0,0
BRDA:718,106,1,0
BRDA:719,107,0,0
BRDA:719,107,1,0
BRDA:735,108,0,0
BRDA:735,108,1,0
BRDA:746,109,0,0
BRDA:746,109,1,0
BRDA:747,110,0,0
BRDA:747,110,1,0
BRDA:754,111,0,0
BRDA:754,111,1,0
BRDA:766,112,0,0
BRDA:766,112,1,0
BRDA:767,113,0,0
BRDA:767,113,1,0
BRDA:772,114,0,0
BRDA:772,114,1,0
BRDA:776,115,0,0
BRDA:776,115,1,0
BRDA:777,116,0,0
BRDA:777,116,1,0
BRDA:777,117,0,0
BRDA:777,117,1,0
BRDA:778,118,0,0
BRDA:778,118,1,0
BRDA:778,119,0,0
BRDA:778,119,1,0
BRDA:778,119,2,0
BRDA:779,120,0,0
BRDA:779,120,1,0
BRDA:779,121,0,0
BRDA:779,121,1,0
BRDA:780,122,0,0
BRDA:780,122,1,0
BRDA:780,123,0,0
BRDA:780,123,1,0
BRDA:785,124,0,0
BRDA:785,124,1,0
BRDA:786,125,0,0
BRDA:786,125,1,0
BRDA:814,126,0,0
BRDA:814,126,1,0
BRDA:815,127,0,0
BRDA:815,127,1,0
BRDA:815,128,0,0
BRDA:815,128,1,0
BRDA:823,129,0,0
BRDA:823,129,1,0
BRDA:824,130,0,0
BRDA:824,130,1,0
BRDA:833,131,0,0
BRDA:833,131,1,0
BRDA:845,132,0,0
BRDA:845,132,1,0
BRDA:846,133,0,0
BRDA:846,133,1,0
BRDA:847,134,0,0
BRDA:847,134,1,0
BRDA:848,135,0,0
BRDA:848,135,1,0
BRDA:854,136,0,0
BRDA:854,136,1,0
BRDA:873,137,0,0
BRDA:873,137,1,0
BRDA:886,138,0,0
BRDA:886,138,1,0
BRDA:887,139,0,0
BRDA:887,139,1,0
BRDA:888,140,0,0
BRDA:888,140,1,0
BRDA:889,141,0,0
BRDA:889,141,1,0
BRDA:889,142,0,0
BRDA:889,142,1,0
BRDA:890,143,0,0
BRDA:890,143,1,0
BRDA:890,144,0,0
BRDA:890,144,1,0
BRDA:896,145,0,0
BRDA:896,145,1,0
BRDA:906,146,0,0
BRDA:906,146,1,0
BRDA:916,147,0,0
BRDA:916,147,1,0
BRF:300
BRH:0
end_of_record
TN:
SF:src\lib\search.ts
FN:21,escapeIlike
FN:32,saveFilter
FN:58,getUserFilters
FN:78,deleteFilter
FN:91,applyFilter
FN:92,(anonymous_5)
FN:95,(anonymous_6)
FN:115,searchTasks
FN:139,searchDocuments
FN:163,globalSearch
FN:175,(anonymous_10)
FNF:11
FNH:0
FNDA:0,escapeIlike
FNDA:0,saveFilter
FNDA:0,getUserFilters
FNDA:0,deleteFilter
FNDA:0,applyFilter
FNDA:0,(anonymous_5)
FNDA:0,(anonymous_6)
FNDA:0,searchTasks
FNDA:0,searchDocuments
FNDA:0,globalSearch
FNDA:0,(anonymous_10)
DA:1,3
DA:22,0
DA:32,3
DA:33,0
DA:34,0
DA:35,0
DA:37,0
DA:49,0
DA:50,0
DA:52,0
DA:53,0
DA:58,3
DA:59,0
DA:60,0
DA:61,0
DA:63,0
DA:69,0
DA:70,0
DA:72,0
DA:73,0
DA:78,3
DA:79,0
DA:80,0
DA:82,0
DA:83,0
DA:85,0
DA:86,0
DA:91,3
DA:92,0
DA:93,0
DA:94,0
DA:95,0
DA:97,0
DA:98,0
DA:99,0
DA:100,0
DA:103,0
DA:104,0
DA:105,0
DA:106,0
DA:110,0
DA:115,3
DA:116,0
DA:117,0
DA:118,0
DA:119,0
DA:124,0
DA:125,0
DA:128,0
DA:130,0
DA:131,0
DA:133,0
DA:134,0
DA:139,3
DA:140,0
DA:141,0
DA:142,0
DA:143,0
DA:148,0
DA:149,0
DA:152,0
DA:154,0
DA:155,0
DA:157,0
DA:158,0
DA:163,3
DA:164,0
DA:165,0
DA:166,0
DA:167,0
DA:175,0
DA:178,0
DA:180,0
DA:181,0
LF:74
LH:8
BRDA:35,0,0,0
BRDA:35,0,1,0
BRDA:49,1,0,0
BRDA:49,1,1,0
BRDA:61,2,0,0
BRDA:61,2,1,0
BRDA:69,3,0,0
BRDA:69,3,1,0
BRDA:70,4,0,0
BRDA:70,4,1,0
BRDA:82,5,0,0
BRDA:82,5,1,0
BRDA:93,6,0,0
BRDA:93,6,1,0
BRDA:93,7,0,0
BRDA:93,7,1,0
BRDA:94,8,0,0
BRDA:94,8,1,0
BRDA:94,9,0,0
BRDA:94,9,1,0
BRDA:95,10,0,0
BRDA:95,10,1,0
BRDA:95,11,0,0
BRDA:95,11,1,0
BRDA:95,12,0,0
BRDA:95,12,1,0
BRDA:97,13,0,0
BRDA:97,13,1,0
BRDA:98,14,0,0
BRDA:98,14,1,0
BRDA:99,15,0,0
BRDA:99,15,1,0
BRDA:100,16,0,0
BRDA:100,16,1,0
BRDA:100,17,0,0
BRDA:100,17,1,0
BRDA:103,18,0,0
BRDA:103,18,1,0
BRDA:105,19,0,0
BRDA:105,19,1,0
BRDA:105,20,0,0
BRDA:105,20,1,0
BRDA:118,21,0,0
BRDA:118,21,1,0
BRDA:124,22,0,0
BRDA:124,22,1,0
BRDA:130,23,0,0
BRDA:130,23,1,0
BRDA:131,24,0,0
BRDA:131,24,1,0
BRDA:142,25,0,0
BRDA:142,25,1,0
BRDA:148,26,0,0
BRDA:148,26,1,0
BRDA:154,27,0,0
BRDA:154,27,1,0
BRDA:155,28,0,0
BRDA:155,28,1,0
BRDA:166,29,0,0
BRDA:166,29,1,0
BRDA:175,30,0,0
BRDA:175,30,1,0
BRF:62
BRH:0
end_of_record
TN:
SF:src\lib\shortcuts.ts
FN:41,isKeyCombo
FN:49,(anonymous_1)
FN:56,useKeyboardShortcuts
FN:57,(anonymous_3)
FN:58,(anonymous_4)
FN:84,(anonymous_5)
FN:89,getShortcutDisplay
FNF:7
FNH:1
FNDA:0,isKeyCombo
FNDA:0,(anonymous_1)
FNDA:0,useKeyboardShortcuts
FNDA:0,(anonymous_3)
FNDA:0,(anonymous_4)
FNDA:0,(anonymous_5)
FNDA:1,getShortcutDisplay
DA:1,3
DA:12,3
DA:41,3
DA:42,0
DA:49,0
DA:50,0
DA:51,0
DA:56,3
DA:57,0
DA:58,0
DA:60,0
DA:61,0
DA:62,0
DA:66,0
DA:67,0
DA:68,0
DA:72,0
DA:73,0
DA:74,0
DA:78,0
DA:79,0
DA:83,0
DA:84,0
DA:89,3
DA:90,1
DA:92,1
LF:26
LH:7
BRDA:50,0,0,0
BRDA:50,0,1,0
BRDA:60,1,0,0
BRDA:60,1,1,0
BRDA:60,2,0,0
BRDA:60,2,1,0
BRDA:66,3,0,0
BRDA:66,3,1,0
BRDA:72,4,0,0
BRDA:72,4,1,0
BRDA:72,5,0,0
BRDA:72,5,1,0
BRDA:78,6,0,0
BRDA:78,6,1,0
BRDA:89,7,0,1
BRDA:90,8,0,1
BRDA:90,8,1,1
BRDA:93,9,0,0
BRDA:93,9,1,1
BRDA:94,10,0,0
BRDA:94,10,1,1
BRDA:95,11,0,0
BRDA:95,11,1,1
BRF:23
BRH:6
end_of_record
TN:
SF:src\lib\siteNotifications.ts
FN:41,buildBody
FN:45,getSiteSectionFromNotificationType
FN:49,syncSiteAlertsNotifications
FN:58,(anonymous_3)
FNF:4
FNH:0
FNDA:0,buildBody
FNDA:0,getSiteSectionFromNotificationType
FNDA:0,syncSiteAlertsNotifications
FNDA:0,(anonymous_3)
DA:1,3
DA:19,3
DA:29,3
DA:39,3
DA:42,0
DA:45,3
DA:46,0
DA:49,3
DA:50,0
DA:51,0
DA:53,0
DA:58,0
DA:59,0
DA:61,0
DA:62,0
DA:63,0
DA:66,0
DA:74,0
DA:75,0
DA:76,0
DA:77,0
DA:80,0
DA:81,0
DA:82,0
DA:83,0
DA:85,0
DA:86,0
DA:87,0
DA:89,0
DA:90,0
DA:98,0
DA:99,0
DA:104,0
DA:105,0
LF:34
LH:6
BRDA:46,0,0,0
BRDA:46,0,1,0
BRDA:51,1,0,0
BRDA:51,1,1,0
BRDA:58,2,0,0
BRDA:58,2,1,0
BRDA:59,3,0,0
BRDA:59,3,1,0
BRDA:74,4,0,0
BRDA:74,4,1,0
BRDA:85,5,0,0
BRDA:85,5,1,0
BRDA:89,6,0,0
BRDA:89,6,1,0
BRDA:98,7,0,0
BRDA:98,7,1,0
BRDA:98,8,0,0
BRDA:98,8,1,0
BRDA:98,8,2,0
BRDA:104,9,0,0
BRDA:104,9,1,0
BRDA:104,10,0,0
BRDA:104,10,1,0
BRF:23
BRH:0
end_of_record
TN:
SF:src\pages\Dashboard.tsx
FN:32,loadWidgetConfig
FN:44,normalizeWidgetConfig
FN:54,Dashboard
FN:64,(anonymous_3)
FN:117,(anonymous_4)
FN:118,(anonymous_5)
FN:125,(anonymous_6)
FN:130,(anonymous_7)
FN:132,(anonymous_8)
FN:169,(anonymous_9)
FN:182,(anonymous_10)
FN:193,(anonymous_11)
FN:194,(anonymous_12)
FN:195,(anonymous_13)
FN:195,(anonymous_14)
FN:210,(anonymous_15)
FN:210,(anonymous_16)
FN:234,(anonymous_17)
FN:240,(anonymous_18)
FN:245,(anonymous_19)
FN:293,(anonymous_20)
FN:298,(anonymous_21)
FN:298,(anonymous_22)
FN:323,(anonymous_23)
FN:324,(anonymous_24)
FNF:25
FNH:0
FNDA:0,loadWidgetConfig
FNDA:0,normalizeWidgetConfig
FNDA:0,Dashboard
FNDA:0,(anonymous_3)
FNDA:0,(anonymous_4)
FNDA:0,(anonymous_5)
FNDA:0,(anonymous_6)
FNDA:0,(anonymous_7)
FNDA:0,(anonymous_8)
FNDA:0,(anonymous_9)
FNDA:0,(anonymous_10)
FNDA:0,(anonymous_11)
FNDA:0,(anonymous_12)
FNDA:0,(anonymous_13)
FNDA:0,(anonymous_14)
FNDA:0,(anonymous_15)
FNDA:0,(anonymous_16)
FNDA:0,(anonymous_17)
FNDA:0,(anonymous_18)
FNDA:0,(anonymous_19)
FNDA:0,(anonymous_20)
FNDA:0,(anonymous_21)
FNDA:0,(anonymous_22)
FNDA:0,(anonymous_23)
FNDA:0,(anonymous_24)
DA:1,1
DA:2,1
DA:3,1
DA:4,1
DA:5,1
DA:7,1
DA:16,1
DA:18,1
DA:25,1
DA:33,0
DA:34,0
DA:35,0
DA:36,0
DA:39,0
DA:41,0
DA:45,0
DA:46,0
DA:54,1
DA:55,0
DA:56,0
DA:57,0
DA:58,0
DA:59,0
DA:60,0
DA:61,0
DA:62,0
DA:64,0
DA:65,0
DA:66,0
DA:67,0
DA:69,0
DA:70,0
DA:72,0
DA:73,0
DA:77,0
DA:78,0
DA:81,0
DA:88,0
DA:89,0
DA:90,0
DA:94,0
DA:95,0
DA:98,0
DA:111,0
DA:112,0
DA:114,0
DA:117,0
DA:118,0
DA:119,0
DA:120,0
DA:121,0
DA:125,0
DA:126,0
DA:127,0
DA:130,0
DA:131,0
DA:132,0
DA:133,0
DA:134,0
DA:135,0
DA:136,0
DA:137,0
DA:138,0
DA:140,0
DA:141,0
DA:142,0
DA:151,0
DA:153,0
DA:154,0
DA:155,0
DA:156,0
DA:157,0
DA:158,0
DA:159,0
DA:163,0
DA:165,0
DA:168,0
DA:169,0
DA:170,0
DA:174,0
DA:180,0
DA:183,0
DA:192,0
DA:193,0
DA:194,0
DA:195,0
DA:197,0
DA:210,0
DA:234,0
DA:241,0
DA:245,0
DA:294,0
DA:298,0
DA:324,0
DA:325,0
LF:95
LH:10
BRDA:35,0,0,0
BRDA:35,0,1,0
BRDA:45,1,0,0
BRDA:45,1,1,0
BRDA:45,2,0,0
BRDA:45,2,1,0
BRDA:47,3,0,0
BRDA:47,3,1,0
BRDA:48,4,0,0
BRDA:48,4,1,0
BRDA:49,5,0,0
BRDA:49,5,1,0
BRDA:50,6,0,0
BRDA:50,6,1,0
BRDA:66,7,0,0
BRDA:66,7,1,0
BRDA:67,8,0,0
BRDA:67,8,1,0
BRDA:72,9,0,0
BRDA:72,9,1,0
BRDA:88,10,0,0
BRDA:88,10,1,0
BRDA:111,11,0,0
BRDA:111,11,1,0
BRDA:134,12,0,0
BRDA:134,12,1,0
BRDA:136,13,0,0
BRDA:136,13,1,0
BRDA:151,14,0,0
BRDA:151,14,1,0
BRDA:153,15,0,0
BRDA:153,15,1,0
BRDA:153,16,0,0
BRDA:153,16,1,0
BRDA:156,17,0,0
BRDA:156,17,1,0
BRDA:163,18,0,0
BRDA:163,18,1,0
BRDA:163,19,0,0
BRDA:163,19,1,0
BRDA:165,20,0,0
BRDA:165,20,1,0
BRDA:174,21,0,0
BRDA:174,21,1,0
BRDA:180,22,0,0
BRDA:180,22,1,0
BRDA:225,23,0,0
BRDA:225,23,1,0
BRDA:230,24,0,0
BRDA:230,24,1,0
BRDA:255,25,0,0
BRDA:255,25,1,0
BRDA:260,26,0,0
BRDA:260,26,1,0
BRDA:264,27,0,0
BRDA:264,27,1,0
BRDA:266,28,0,0
BRDA:266,28,1,0
BRDA:272,29,0,0
BRDA:272,29,1,0
BRDA:277,30,0,0
BRDA:277,30,1,0
BRDA:277,31,0,0
BRDA:277,31,1,0
BRDA:284,32,0,0
BRDA:284,32,1,0
BRDA:298,33,0,0
BRDA:298,33,1,0
BRDA:300,34,0,0
BRDA:300,34,1,0
BRDA:301,35,0,0
BRDA:301,35,1,0
BRDA:310,36,0,0
BRDA:310,36,1,0
BRDA:310,36,2,0
BRDA:312,37,0,0
BRDA:312,37,1,0
BRDA:315,38,0,0
BRDA:315,38,1,0
BRDA:315,39,0,0
BRDA:315,39,1,0
BRDA:316,40,0,0
BRDA:316,40,1,0
BRDA:316,41,0,0
BRDA:316,41,1,0
BRDA:319,42,0,0
BRDA:319,42,1,0
BRDA:332,43,0,0
BRDA:332,43,1,0
BRDA:336,44,0,0
BRDA:336,44,1,0
BRF:91
BRH:0
end_of_record
TN:
SF:src\utils\teamStore.ts
FN:41,getDisplayName
FN:45,getInitials
FN:55,getSubtitle
FN:63,pickColor
FN:89,generateId
FNF:5
FNH:0
FNDA:0,getDisplayName
FNDA:0,getInitials
FNDA:0,getSubtitle
FNDA:0,pickColor
FNDA:0,generateId
DA:3,5
DA:41,5
DA:42,0
DA:45,5
DA:46,0
DA:47,0
DA:49,0
DA:50,0
DA:55,5
DA:56,0
DA:57,0
DA:58,0
DA:60,0
DA:63,5
DA:64,0
DA:89,5
DA:90,0
LF:17
LH:6
BRDA:42,0,0,0
BRDA:42,0,1,0
BRDA:46,1,0,0
BRDA:46,1,1,0
BRDA:50,2,0,0
BRDA:50,2,1,0
BRDA:56,3,0,0
BRDA:56,3,1,0
BRF:8
BRH:0
end_of_record
